<?xml version="1.0" encoding="UTF-8"?>
<!-- Generated by org.testng.reporters.JUnitXMLReporter -->
<testsuite hostname="BKRISTIP-IN" ignored="2" name="regression" tests="4" failures="2" timestamp="2019-11-10T03:01:55 IST" time="74.259" errors="0">
  <testcase name="addExpenseFromHomePage" time="42.363" classname="com.n26.monefy.automation.runners.TestBalance"/>
  <testcase name="verifyBalanceCalculations" time="31.789" classname="com.n26.monefy.automation.runners.TestBalance"/>
  <testcase name="changeToDarkTheme" time="0.001" classname="com.n26.monefy.automation.runners.TestSettings">
    <failure type="java.lang.NullPointerException">
      <![CDATA[java.lang.NullPointerException
at com.n26.monefy.automation.pageobjects.BasePage.click(BasePage.java:137)
at com.n26.monefy.automation.pageobjects.HomePage.clickSettings(HomePage.java:39)
at com.n26.monefy.automation.runners.TestSettings.changeToDarkTheme(TestSettings.java:16)
at java.util.ArrayList.forEach(ArrayList.java:1257)
... Removed 31 stack frames]]>
    </failure>
  </testcase> <!-- changeToDarkTheme -->
  <testcase name="checkSynchronization" time="0.004" classname="com.n26.monefy.automation.runners.TestSettings">
    <failure type="java.lang.NullPointerException">
      <![CDATA[java.lang.NullPointerException
at com.n26.monefy.automation.pageobjects.BasePage.click(BasePage.java:139)
at com.n26.monefy.automation.pageobjects.SettingsPage.selectDropbox(SettingsPage.java:23)
at com.n26.monefy.automation.runners.TestSettings.checkSynchronization(TestSettings.java:31)
at java.util.ArrayList.forEach(ArrayList.java:1257)
... Removed 31 stack frames]]>
    </failure>
  </testcase> <!-- checkSynchronization -->
  <testcase name="@BeforeSuite start" time="0.0" classname="com.n26.monefy.automation.runners.AppiumBase">
    <ignored/>
  </testcase> <!-- @BeforeSuite start -->
  <testcase name="@AfterSuite stop" time="0.0" classname="com.n26.monefy.automation.runners.AppiumBase">
    <ignored/>
  </testcase> <!-- @AfterSuite stop -->
</testsuite> <!-- regression -->
